<?xml version="1.0" encoding="UTF-8"?>
<!-- Generated by org.testng.reporters.JUnitReportReporter -->
<testsuite skipped="0" hostname="DESKTOP-G2J1RLB" name="com.test.TestCase" tests="1" failures="0" timestamp="2020-10-14T10:18:25 IST" time="60.880" errors="0">
  <testcase name="f" time="60.880" classname="com.test.TestCase"/>
</testsuite> <!-- com.test.TestCase -->
